# Copyright (c) 2003-2009 Nokia Corporation and/or its subsidiary(-ies).
# All rights reserved.
# This component and the accompanying materials are made available
# under the terms of "Eclipse Public License v1.0"
# which accompanies this distribution, and is available
# at the URL "http://www.eclipse.org/legal/epl-v10.html".
#
# Initial Contributors:
# Nokia Corporation - initial contribution.
#
# Contributors:
#
# Description:
# 
#
#

component	peripheraldrv

source /sf/os/usb/usbdrv/peripheral/group
source /sf/os/usb/usbdrv/peripheral/ldd/perilddnsc/group
source /sf/os/usb/usbdrv/peripheral/ldd/perilddnsc/src
source /sf/os/usb/usbdrv/peripheral/ldd/perilddsc/group
source /sf/os/usb/usbdrv/peripheral/ldd/perilddsc/src
source /sf/os/usb/usbdrv/peripheral/ldd/perilddsc/appifwrapper/group
source /sf/os/usb/usbdrv/peripheral/ldd/perilddsc/appifwrapper/src
source /sf/os/usb/usbdrv/peripheral/pdd/pil/group
source /sf/os/usb/usbdrv/peripheral/pdd/pil/inc
source /sf/os/usb/usbdrv/peripheral/pdd/pil/src
source /sf/os/usb/usbdrv/peripheral/public

binary	/sf/os/usb/usbdrv/peripheral/group	all

exports	/sf/os/usb/usbdrv/peripheral/group

ipr E
ipr T  /sf/os/usb/usbdrv/peripheral/group
ipr T  /sf/os/usb/usbdrv/peripheral/ldd/perilddnsc/group
ipr T  /sf/os/usb/usbdrv/peripheral/ldd/perilddnsc/src
ipr T  /sf/os/usb/usbdrv/peripheral/ldd/perilddsc/group
ipr T  /sf/os/usb/usbdrv/peripheral/ldd/perilddsc/src
ipr T  /sf/os/usb/usbdrv/peripheral/ldd/perilddsc/appifwrapper/group
ipr T  /sf/os/usb/usbdrv/peripheral/ldd/perilddsc/appifwrapper/src
ipr T  /sf/os/usb/usbdrv/peripheral/pdd/pil/group
ipr T  /sf/os/usb/usbdrv/peripheral/pdd/pil/inc
ipr T  /sf/os/usb/usbdrv/peripheral/pdd/pil/src
ipr T  /sf/os/usb/usbdrv/peripheral/public

